Mon Jun 12 2017 10:22:06 GMT-0400 (EDT): GET /
Mon Jun 12 2017 10:22:06 GMT-0400 (EDT): GET /styles/styles.css
Mon Jun 12 2017 10:22:06 GMT-0400 (EDT): GET /js/watching-events.js
Mon Jun 12 2017 10:22:06 GMT-0400 (EDT): GET /js/watching-events.js
Mon Jun 12 2017 10:23:03 GMT-0400 (EDT): GET /
Mon Jun 12 2017 10:23:03 GMT-0400 (EDT): GET /styles/styles.css
Mon Jun 12 2017 10:23:07 GMT-0400 (EDT): GET /add-to-cart/593e998c74e95e0624243891
Mon Jun 12 2017 10:23:07 GMT-0400 (EDT): GET /
Mon Jun 12 2017 10:23:07 GMT-0400 (EDT): GET /styles/styles.css
Mon Jun 12 2017 10:23:15 GMT-0400 (EDT): GET /shopping-cart/
Mon Jun 12 2017 10:23:15 GMT-0400 (EDT): GET /styles/styles.css
Mon Jun 12 2017 10:23:15 GMT-0400 (EDT): GET /js/breadout.js
Mon Jun 12 2017 10:23:24 GMT-0400 (EDT): GET /remove/593e998c74e95e0624243891
Mon Jun 12 2017 10:23:24 GMT-0400 (EDT): GET /shopping-cart
Mon Jun 12 2017 10:23:24 GMT-0400 (EDT): GET /styles/styles.css
Mon Jun 12 2017 10:23:24 GMT-0400 (EDT): GET /js/breadout.js
Mon Jun 12 2017 10:23:33 GMT-0400 (EDT): GET /remove/593e998c74e95e0624243892
Mon Jun 12 2017 10:23:33 GMT-0400 (EDT): GET /shopping-cart
Mon Jun 12 2017 10:23:33 GMT-0400 (EDT): GET /styles/styles.css
Mon Jun 12 2017 10:23:35 GMT-0400 (EDT): GET /
Mon Jun 12 2017 10:23:35 GMT-0400 (EDT): GET /styles/styles.css
Mon Jun 12 2017 10:24:42 GMT-0400 (EDT): GET /
Mon Jun 12 2017 10:24:43 GMT-0400 (EDT): GET /styles/styles.css
Mon Jun 12 2017 10:24:45 GMT-0400 (EDT): GET /add-to-cart/593e998c74e95e0624243891
Mon Jun 12 2017 10:24:45 GMT-0400 (EDT): GET /
Mon Jun 12 2017 10:24:45 GMT-0400 (EDT): GET /styles/styles.css
Mon Jun 12 2017 10:24:46 GMT-0400 (EDT): GET /add-to-cart/593e998c74e95e0624243891
Mon Jun 12 2017 10:24:46 GMT-0400 (EDT): GET /
Mon Jun 12 2017 10:24:46 GMT-0400 (EDT): GET /styles/styles.css
Mon Jun 12 2017 10:24:46 GMT-0400 (EDT): GET /add-to-cart/593e998c74e95e0624243891
Mon Jun 12 2017 10:24:46 GMT-0400 (EDT): GET /
Mon Jun 12 2017 10:24:46 GMT-0400 (EDT): GET /styles/styles.css
Mon Jun 12 2017 10:24:47 GMT-0400 (EDT): GET /add-to-cart/593e998c74e95e0624243891
Mon Jun 12 2017 10:24:47 GMT-0400 (EDT): GET /
Mon Jun 12 2017 10:24:47 GMT-0400 (EDT): GET /styles/styles.css
Mon Jun 12 2017 10:24:47 GMT-0400 (EDT): GET /add-to-cart/593e998c74e95e0624243891
Mon Jun 12 2017 10:24:47 GMT-0400 (EDT): GET /
Mon Jun 12 2017 10:24:47 GMT-0400 (EDT): GET /styles/styles.css
Mon Jun 12 2017 10:24:47 GMT-0400 (EDT): GET /add-to-cart/593e998c74e95e0624243891
Mon Jun 12 2017 10:24:47 GMT-0400 (EDT): GET /
Mon Jun 12 2017 10:24:47 GMT-0400 (EDT): GET /styles/styles.css
Mon Jun 12 2017 10:26:03 GMT-0400 (EDT): GET /
Mon Jun 12 2017 10:26:03 GMT-0400 (EDT): GET /styles/styles.css
Mon Jun 12 2017 10:31:17 GMT-0400 (EDT): GET /
Mon Jun 12 2017 10:31:17 GMT-0400 (EDT): GET /styles/styles.css
Mon Jun 12 2017 10:31:23 GMT-0400 (EDT): GET /add-to-cart/593e998c74e95e0624243891
Mon Jun 12 2017 10:31:23 GMT-0400 (EDT): GET /
Mon Jun 12 2017 10:31:23 GMT-0400 (EDT): GET /styles/styles.css
Mon Jun 12 2017 10:37:18 GMT-0400 (EDT): GET /
Mon Jun 12 2017 10:37:18 GMT-0400 (EDT): GET /styles/styles.css
Mon Jun 12 2017 10:37:21 GMT-0400 (EDT): GET /
Mon Jun 12 2017 10:37:21 GMT-0400 (EDT): GET /styles/styles.css
Mon Jun 12 2017 10:37:23 GMT-0400 (EDT): GET /add-to-cart/593e998c74e95e0624243891
Mon Jun 12 2017 10:37:23 GMT-0400 (EDT): GET /
Mon Jun 12 2017 10:37:23 GMT-0400 (EDT): GET /styles/styles.css
Mon Jun 12 2017 10:37:26 GMT-0400 (EDT): GET /add-to-cart/593e998c74e95e0624243891
Mon Jun 12 2017 10:37:26 GMT-0400 (EDT): GET /
Mon Jun 12 2017 10:37:27 GMT-0400 (EDT): GET /styles/styles.css
Mon Jun 12 2017 10:37:28 GMT-0400 (EDT): GET /add-to-cart/593e998c74e95e0624243891
Mon Jun 12 2017 10:37:28 GMT-0400 (EDT): GET /
Mon Jun 12 2017 10:37:28 GMT-0400 (EDT): GET /styles/styles.css
Mon Jun 12 2017 10:37:29 GMT-0400 (EDT): GET /shopping-cart/
Mon Jun 12 2017 10:37:29 GMT-0400 (EDT): GET /styles/styles.css
Mon Jun 12 2017 10:37:29 GMT-0400 (EDT): GET /js/breadout.js
Mon Jun 12 2017 10:37:58 GMT-0400 (EDT): POST /shopping-cart/checkout
Mon Jun 12 2017 10:40:24 GMT-0400 (EDT): GET /shopping-cart/
Mon Jun 12 2017 10:40:24 GMT-0400 (EDT): GET /styles/styles.css
Mon Jun 12 2017 10:40:24 GMT-0400 (EDT): GET /js/breadout.js
Mon Jun 12 2017 10:41:19 GMT-0400 (EDT): POST /shopping-cart/checkout
Mon Jun 12 2017 10:42:10 GMT-0400 (EDT): GET /
Mon Jun 12 2017 10:42:10 GMT-0400 (EDT): GET /styles/styles.css
Mon Jun 12 2017 11:25:35 GMT-0400 (EDT): GET /
Mon Jun 12 2017 11:25:35 GMT-0400 (EDT): GET /styles/styles.css
Mon Jun 12 2017 11:25:40 GMT-0400 (EDT): GET /user/signin
Mon Jun 12 2017 11:26:10 GMT-0400 (EDT): GET /
Mon Jun 12 2017 11:26:10 GMT-0400 (EDT): GET /styles/styles.css
Mon Jun 12 2017 11:26:13 GMT-0400 (EDT): GET /user/signup
Mon Jun 12 2017 11:27:50 GMT-0400 (EDT): GET /
Mon Jun 12 2017 11:27:50 GMT-0400 (EDT): GET /styles/styles.css
Mon Jun 12 2017 11:27:54 GMT-0400 (EDT): GET /login
Mon Jun 12 2017 11:27:54 GMT-0400 (EDT): GET /styles/styles.css
Mon Jun 12 2017 11:29:40 GMT-0400 (EDT): GET /login
Mon Jun 12 2017 11:29:40 GMT-0400 (EDT): GET /styles/styles.css
Mon Jun 12 2017 11:30:10 GMT-0400 (EDT): GET /login
Mon Jun 12 2017 11:30:10 GMT-0400 (EDT): GET /styles/styles.css
Mon Jun 12 2017 11:31:09 GMT-0400 (EDT): GET /login
Mon Jun 12 2017 11:31:09 GMT-0400 (EDT): GET /styles/styles.css
Mon Jun 12 2017 11:31:34 GMT-0400 (EDT): GET /login
Mon Jun 12 2017 11:31:34 GMT-0400 (EDT): GET /styles/styles.css
Mon Jun 12 2017 11:31:42 GMT-0400 (EDT): GET /login
Mon Jun 12 2017 11:31:42 GMT-0400 (EDT): GET /styles/styles.css
Mon Jun 12 2017 11:39:19 GMT-0400 (EDT): GET /
Mon Jun 12 2017 11:39:19 GMT-0400 (EDT): GET /styles/styles.css
Mon Jun 12 2017 11:39:22 GMT-0400 (EDT): GET /shopping-cart/
Mon Jun 12 2017 11:39:22 GMT-0400 (EDT): GET /styles/styles.css
Mon Jun 12 2017 11:39:22 GMT-0400 (EDT): GET /js/breadout.js
Mon Jun 12 2017 11:39:26 GMT-0400 (EDT): GET /user/signup
Mon Jun 12 2017 11:39:33 GMT-0400 (EDT): GET /login
Mon Jun 12 2017 11:39:33 GMT-0400 (EDT): GET /styles/styles.css
Mon Jun 12 2017 11:39:43 GMT-0400 (EDT): GET /
Mon Jun 12 2017 11:39:43 GMT-0400 (EDT): GET /styles/styles.css
Mon Jun 12 2017 11:39:51 GMT-0400 (EDT): GET /add-to-cart/593eb2ef0665b907e6cde593
Mon Jun 12 2017 11:39:51 GMT-0400 (EDT): GET /
Mon Jun 12 2017 11:39:51 GMT-0400 (EDT): GET /styles/styles.css
Mon Jun 12 2017 11:39:53 GMT-0400 (EDT): GET /shopping-cart/
Mon Jun 12 2017 11:39:53 GMT-0400 (EDT): GET /styles/styles.css
Mon Jun 12 2017 11:39:53 GMT-0400 (EDT): GET /js/breadout.js
Mon Jun 12 2017 11:39:57 GMT-0400 (EDT): GET /remove/593e998c74e95e0624243891
Mon Jun 12 2017 11:39:57 GMT-0400 (EDT): GET /shopping-cart
Mon Jun 12 2017 11:39:57 GMT-0400 (EDT): GET /styles/styles.css
Mon Jun 12 2017 11:39:57 GMT-0400 (EDT): GET /js/breadout.js
Mon Jun 12 2017 11:40:00 GMT-0400 (EDT): GET /reduce/593eb2ef0665b907e6cde593
Mon Jun 12 2017 11:40:00 GMT-0400 (EDT): GET /shopping-cart
Mon Jun 12 2017 11:40:00 GMT-0400 (EDT): GET /styles/styles.css
Mon Jun 12 2017 11:40:02 GMT-0400 (EDT): GET /
Mon Jun 12 2017 11:40:02 GMT-0400 (EDT): GET /styles/styles.css
Mon Jun 12 2017 11:42:06 GMT-0400 (EDT): GET /
Mon Jun 12 2017 11:42:06 GMT-0400 (EDT): GET /styles/styles.css
Mon Jun 12 2017 11:42:09 GMT-0400 (EDT): GET /account/signup
Mon Jun 12 2017 11:50:16 GMT-0400 (EDT): GET /
Mon Jun 12 2017 11:50:16 GMT-0400 (EDT): GET /styles/styles.css
Mon Jun 12 2017 11:50:19 GMT-0400 (EDT): GET /account/signup
Mon Jun 12 2017 11:50:34 GMT-0400 (EDT): GET /account/login
Mon Jun 12 2017 11:52:54 GMT-0400 (EDT): GET /
Mon Jun 12 2017 11:52:54 GMT-0400 (EDT): GET /styles/styles.css
Mon Jun 12 2017 11:52:57 GMT-0400 (EDT): GET /account/signup
Mon Jun 12 2017 11:53:59 GMT-0400 (EDT): GET /
Mon Jun 12 2017 11:53:59 GMT-0400 (EDT): GET /styles/styles.css
Mon Jun 12 2017 11:54:02 GMT-0400 (EDT): GET /shopping-cart/
Mon Jun 12 2017 11:54:02 GMT-0400 (EDT): GET /styles/styles.css
Mon Jun 12 2017 11:54:05 GMT-0400 (EDT): GET /account/signup
Mon Jun 12 2017 11:54:05 GMT-0400 (EDT): GET /styles/styles.css
Mon Jun 12 2017 11:54:09 GMT-0400 (EDT): GET /account/login
Mon Jun 12 2017 11:54:09 GMT-0400 (EDT): GET /styles/styles.css
Mon Jun 12 2017 11:54:14 GMT-0400 (EDT): GET /shopping-cart/
Mon Jun 12 2017 11:54:14 GMT-0400 (EDT): GET /styles/styles.css
Mon Jun 12 2017 11:54:16 GMT-0400 (EDT): GET /
Mon Jun 12 2017 11:54:16 GMT-0400 (EDT): GET /styles/styles.css
Mon Jun 12 2017 11:54:50 GMT-0400 (EDT): GET /
Mon Jun 12 2017 11:54:50 GMT-0400 (EDT): GET /styles/styles.css
Mon Jun 12 2017 11:55:24 GMT-0400 (EDT): GET /account/signup
Mon Jun 12 2017 11:55:24 GMT-0400 (EDT): GET /styles/styles.css
Mon Jun 12 2017 11:55:41 GMT-0400 (EDT): GET /styles/styles.css
Mon Jun 12 2017 12:00:59 GMT-0400 (EDT): GET /
Mon Jun 12 2017 12:00:59 GMT-0400 (EDT): GET /styles/styles.css
Mon Jun 12 2017 12:01:01 GMT-0400 (EDT): GET /
Mon Jun 12 2017 12:01:01 GMT-0400 (EDT): GET /styles/styles.css
Mon Jun 12 2017 12:01:05 GMT-0400 (EDT): GET /shopping-cart/
Mon Jun 12 2017 12:02:34 GMT-0400 (EDT): GET /
Mon Jun 12 2017 12:02:34 GMT-0400 (EDT): GET /styles/styles.css
Mon Jun 12 2017 12:02:36 GMT-0400 (EDT): GET /shopping-cart/
Mon Jun 12 2017 12:02:36 GMT-0400 (EDT): GET /styles/styles.css
Mon Jun 12 2017 12:02:38 GMT-0400 (EDT): GET /
Mon Jun 12 2017 12:02:38 GMT-0400 (EDT): GET /styles/styles.css
Mon Jun 12 2017 12:02:41 GMT-0400 (EDT): GET /account/signup
Mon Jun 12 2017 12:02:41 GMT-0400 (EDT): GET /styles/styles.css
Mon Jun 12 2017 12:03:01 GMT-0400 (EDT): GET /account/login
Mon Jun 12 2017 12:03:01 GMT-0400 (EDT): GET /styles/styles.css
Mon Jun 12 2017 12:04:45 GMT-0400 (EDT): GET /account/login
Mon Jun 12 2017 12:04:45 GMT-0400 (EDT): GET /styles/styles.css
Mon Jun 12 2017 12:05:28 GMT-0400 (EDT): GET /account/login
Mon Jun 12 2017 12:05:28 GMT-0400 (EDT): GET /styles/styles.css
Mon Jun 12 2017 12:05:35 GMT-0400 (EDT): GET /account/signup
Mon Jun 12 2017 12:05:35 GMT-0400 (EDT): GET /styles/styles.css
Mon Jun 12 2017 12:06:44 GMT-0400 (EDT): GET /account/signup
Mon Jun 12 2017 12:06:44 GMT-0400 (EDT): GET /styles/styles.css
Mon Jun 12 2017 12:12:11 GMT-0400 (EDT): GET /account/signup
Mon Jun 12 2017 12:12:11 GMT-0400 (EDT): GET /styles/styles.css
Mon Jun 12 2017 12:16:33 GMT-0400 (EDT): GET /account/signup
Mon Jun 12 2017 12:16:33 GMT-0400 (EDT): GET /styles/styles.css
Mon Jun 12 2017 12:18:07 GMT-0400 (EDT): GET /account/signup
Mon Jun 12 2017 12:18:07 GMT-0400 (EDT): GET /styles/styles.css
Mon Jun 12 2017 12:18:40 GMT-0400 (EDT): GET /account/signup
Mon Jun 12 2017 12:18:40 GMT-0400 (EDT): GET /styles/styles.css
Mon Jun 12 2017 12:20:31 GMT-0400 (EDT): GET /account/signup
Mon Jun 12 2017 12:20:31 GMT-0400 (EDT): GET /styles/styles.css
Mon Jun 12 2017 12:20:36 GMT-0400 (EDT): GET /account/login
Mon Jun 12 2017 12:20:36 GMT-0400 (EDT): GET /styles/styles.css
Mon Jun 12 2017 12:22:15 GMT-0400 (EDT): GET /account/login
Mon Jun 12 2017 12:22:15 GMT-0400 (EDT): GET /styles/styles.css
Mon Jun 12 2017 12:22:17 GMT-0400 (EDT): GET /account/login
Mon Jun 12 2017 12:22:17 GMT-0400 (EDT): GET /styles/styles.css
Mon Jun 12 2017 12:22:35 GMT-0400 (EDT): GET /account/login
Mon Jun 12 2017 12:22:35 GMT-0400 (EDT): GET /styles/styles.css
Mon Jun 12 2017 12:22:56 GMT-0400 (EDT): GET /account/login
Mon Jun 12 2017 12:22:56 GMT-0400 (EDT): GET /styles/styles.css
Mon Jun 12 2017 12:23:06 GMT-0400 (EDT): GET /account/login
Mon Jun 12 2017 12:23:06 GMT-0400 (EDT): GET /styles/styles.css
Mon Jun 12 2017 12:23:14 GMT-0400 (EDT): GET /account/login
Mon Jun 12 2017 12:23:14 GMT-0400 (EDT): GET /styles/styles.css
Mon Jun 12 2017 12:23:24 GMT-0400 (EDT): GET /account/login
Mon Jun 12 2017 12:23:24 GMT-0400 (EDT): GET /styles/styles.css
Mon Jun 12 2017 12:24:25 GMT-0400 (EDT): GET /
Mon Jun 12 2017 12:24:25 GMT-0400 (EDT): GET /styles/styles.css
Mon Jun 12 2017 12:24:29 GMT-0400 (EDT): GET /account/login
Mon Jun 12 2017 12:25:45 GMT-0400 (EDT): GET /account/login
Mon Jun 12 2017 12:26:10 GMT-0400 (EDT): GET /
Mon Jun 12 2017 12:26:10 GMT-0400 (EDT): GET /styles/styles.css
Mon Jun 12 2017 12:26:14 GMT-0400 (EDT): GET /account/signup
Mon Jun 12 2017 12:26:14 GMT-0400 (EDT): GET /styles/styles.css
Mon Jun 12 2017 12:26:17 GMT-0400 (EDT): GET /account/signin
Mon Jun 12 2017 12:26:17 GMT-0400 (EDT): GET /styles/styles.css
Mon Jun 12 2017 12:26:22 GMT-0400 (EDT): GET /shopping-cart/
Mon Jun 12 2017 12:26:22 GMT-0400 (EDT): GET /styles/styles.css
Mon Jun 12 2017 12:26:23 GMT-0400 (EDT): GET /
Mon Jun 12 2017 12:26:23 GMT-0400 (EDT): GET /styles/styles.css
Mon Jun 12 2017 12:28:02 GMT-0400 (EDT): GET /
Mon Jun 12 2017 12:28:02 GMT-0400 (EDT): GET /styles/styles.css
Mon Jun 12 2017 12:28:06 GMT-0400 (EDT): GET /account/signin
Mon Jun 12 2017 12:28:06 GMT-0400 (EDT): GET /styles/styles.css
Mon Jun 12 2017 12:28:08 GMT-0400 (EDT): GET /account/signup
Mon Jun 12 2017 12:28:08 GMT-0400 (EDT): GET /styles/styles.css
Mon Jun 12 2017 12:31:45 GMT-0400 (EDT): GET /
Mon Jun 12 2017 12:31:45 GMT-0400 (EDT): GET /styles/styles.css
Mon Jun 12 2017 12:31:47 GMT-0400 (EDT): GET /shopping-cart/
Mon Jun 12 2017 12:31:47 GMT-0400 (EDT): GET /styles/styles.css
Mon Jun 12 2017 12:31:49 GMT-0400 (EDT): GET /account/signup
Mon Jun 12 2017 12:31:49 GMT-0400 (EDT): GET /styles/styles.css
Mon Jun 12 2017 12:32:05 GMT-0400 (EDT): GET /account/signin
Mon Jun 12 2017 12:32:05 GMT-0400 (EDT): GET /styles/styles.css
Mon Jun 12 2017 12:33:06 GMT-0400 (EDT): GET /account/signin
Mon Jun 12 2017 12:33:06 GMT-0400 (EDT): GET /styles/styles.css
Mon Jun 12 2017 12:33:10 GMT-0400 (EDT): GET /account/signup
Mon Jun 12 2017 12:33:10 GMT-0400 (EDT): GET /styles/styles.css
Mon Jun 12 2017 12:35:15 GMT-0400 (EDT): GET /account/signup
Mon Jun 12 2017 12:35:15 GMT-0400 (EDT): GET /styles/styles.css
Mon Jun 12 2017 12:37:22 GMT-0400 (EDT): GET /
Mon Jun 12 2017 12:37:22 GMT-0400 (EDT): GET /styles/styles.css
Mon Jun 12 2017 12:37:24 GMT-0400 (EDT): GET /
Mon Jun 12 2017 12:37:24 GMT-0400 (EDT): GET /styles/styles.css
Mon Jun 12 2017 12:37:31 GMT-0400 (EDT): GET /account/signup
Mon Jun 12 2017 12:37:31 GMT-0400 (EDT): GET /styles/styles.css
Mon Jun 12 2017 12:38:16 GMT-0400 (EDT): GET /
Mon Jun 12 2017 12:38:16 GMT-0400 (EDT): GET /styles/styles.css
Mon Jun 12 2017 12:38:18 GMT-0400 (EDT): GET /
Mon Jun 12 2017 12:38:18 GMT-0400 (EDT): GET /styles/styles.css
Mon Jun 12 2017 12:38:20 GMT-0400 (EDT): GET /account/signup
Mon Jun 12 2017 12:38:20 GMT-0400 (EDT): GET /styles/styles.css
Mon Jun 12 2017 12:38:26 GMT-0400 (EDT): GET /account/signup?
Mon Jun 12 2017 12:38:26 GMT-0400 (EDT): GET /styles/styles.css
Mon Jun 12 2017 12:54:35 GMT-0400 (EDT): GET /account/signup?
Mon Jun 12 2017 12:54:35 GMT-0400 (EDT): GET /styles/styles.css
Mon Jun 12 2017 12:54:43 GMT-0400 (EDT): GET /
Mon Jun 12 2017 12:54:43 GMT-0400 (EDT): GET /styles/styles.css
Mon Jun 12 2017 12:54:48 GMT-0400 (EDT): GET /account/signin
Mon Jun 12 2017 12:54:48 GMT-0400 (EDT): GET /styles/styles.css
Mon Jun 12 2017 12:56:06 GMT-0400 (EDT): GET /
Mon Jun 12 2017 12:56:06 GMT-0400 (EDT): GET /styles/styles.css
Mon Jun 12 2017 12:56:09 GMT-0400 (EDT): GET /account/signin
Mon Jun 12 2017 12:56:09 GMT-0400 (EDT): GET /styles/styles.css
Mon Jun 12 2017 12:56:13 GMT-0400 (EDT): GET /account/signup
Mon Jun 12 2017 12:56:13 GMT-0400 (EDT): GET /styles/styles.css
Mon Jun 12 2017 12:56:30 GMT-0400 (EDT): GET /account/signup
Mon Jun 12 2017 12:56:30 GMT-0400 (EDT): GET /styles/styles.css
Mon Jun 12 2017 12:56:48 GMT-0400 (EDT): GET /account/signup
Mon Jun 12 2017 12:56:48 GMT-0400 (EDT): GET /styles/styles.css
Mon Jun 12 2017 12:56:52 GMT-0400 (EDT): GET /account/signin
Mon Jun 12 2017 12:56:52 GMT-0400 (EDT): GET /styles/styles.css
Mon Jun 12 2017 12:56:55 GMT-0400 (EDT): GET /shopping-cart/
Mon Jun 12 2017 12:56:55 GMT-0400 (EDT): GET /styles/styles.css
Mon Jun 12 2017 12:56:57 GMT-0400 (EDT): GET /
Mon Jun 12 2017 12:56:57 GMT-0400 (EDT): GET /styles/styles.css
Mon Jun 12 2017 12:56:59 GMT-0400 (EDT): GET /add-to-cart/593eb946c28503087f6a5382
Mon Jun 12 2017 12:56:59 GMT-0400 (EDT): GET /
Mon Jun 12 2017 12:56:59 GMT-0400 (EDT): GET /styles/styles.css
Mon Jun 12 2017 12:57:02 GMT-0400 (EDT): GET /shopping-cart/
Mon Jun 12 2017 12:57:02 GMT-0400 (EDT): GET /styles/styles.css
Mon Jun 12 2017 12:57:02 GMT-0400 (EDT): GET /js/breadout.js
Mon Jun 12 2017 12:57:26 GMT-0400 (EDT): GET /styles/styles.css
Mon Jun 12 2017 13:04:09 GMT-0400 (EDT): GET /shopping-cart/
Mon Jun 12 2017 13:04:09 GMT-0400 (EDT): GET /js/breadout.js
Mon Jun 12 2017 13:04:09 GMT-0400 (EDT): GET /styles/styles.css
Mon Jun 12 2017 13:04:21 GMT-0400 (EDT): GET /add-to-cart/593eb946c28503087f6a5382
Mon Jun 12 2017 13:04:21 GMT-0400 (EDT): GET /
Mon Jun 12 2017 13:04:21 GMT-0400 (EDT): GET /styles/styles.css
Mon Jun 12 2017 13:04:25 GMT-0400 (EDT): GET /shopping-cart/
Mon Jun 12 2017 13:04:25 GMT-0400 (EDT): GET /styles/styles.css
Mon Jun 12 2017 13:04:25 GMT-0400 (EDT): GET /js/breadout.js
Mon Jun 12 2017 13:04:42 GMT-0400 (EDT): GET /add-to-cart/593eb946c28503087f6a5382
Mon Jun 12 2017 13:04:42 GMT-0400 (EDT): GET /
Mon Jun 12 2017 13:04:42 GMT-0400 (EDT): GET /styles/styles.css
Mon Jun 12 2017 13:04:44 GMT-0400 (EDT): GET /shopping-cart/
Mon Jun 12 2017 13:04:44 GMT-0400 (EDT): GET /styles/styles.css
Mon Jun 12 2017 13:04:44 GMT-0400 (EDT): GET /js/breadout.js
Mon Jun 12 2017 13:10:40 GMT-0400 (EDT): GET /
Mon Jun 12 2017 13:10:40 GMT-0400 (EDT): GET /styles/styles.css
Mon Jun 12 2017 13:10:42 GMT-0400 (EDT): GET /add-to-cart/593eb946c28503087f6a5383
Mon Jun 12 2017 13:10:42 GMT-0400 (EDT): GET /
Mon Jun 12 2017 13:10:42 GMT-0400 (EDT): GET /styles/styles.css
Mon Jun 12 2017 13:10:44 GMT-0400 (EDT): GET /shopping-cart/
Mon Jun 12 2017 13:10:44 GMT-0400 (EDT): GET /styles/styles.css
Mon Jun 12 2017 13:10:44 GMT-0400 (EDT): GET /js/breadout.js
Mon Jun 12 2017 13:10:49 GMT-0400 (EDT): GET /extra-one/593eb946c28503087f6a5382
Mon Jun 12 2017 13:10:49 GMT-0400 (EDT): GET /shopping-cart
Mon Jun 12 2017 13:10:49 GMT-0400 (EDT): GET /styles/styles.css
Mon Jun 12 2017 13:10:49 GMT-0400 (EDT): GET /js/breadout.js
Mon Jun 12 2017 13:10:54 GMT-0400 (EDT): GET /extra-one/593eb946c28503087f6a5382
Mon Jun 12 2017 13:10:54 GMT-0400 (EDT): GET /shopping-cart
Mon Jun 12 2017 13:10:54 GMT-0400 (EDT): GET /styles/styles.css
Mon Jun 12 2017 13:10:54 GMT-0400 (EDT): GET /js/breadout.js
Mon Jun 12 2017 13:15:22 GMT-0400 (EDT): GET /
Mon Jun 12 2017 13:15:22 GMT-0400 (EDT): GET /styles/styles.css
Mon Jun 12 2017 13:15:26 GMT-0400 (EDT): GET /add-to-cart/593eb946c28503087f6a5383
Mon Jun 12 2017 13:15:26 GMT-0400 (EDT): GET /
Mon Jun 12 2017 13:15:26 GMT-0400 (EDT): GET /styles/styles.css
Mon Jun 12 2017 13:15:27 GMT-0400 (EDT): GET /shopping-cart/
Mon Jun 12 2017 13:15:27 GMT-0400 (EDT): GET /styles/styles.css
Mon Jun 12 2017 13:15:27 GMT-0400 (EDT): GET /js/breadout.js
Mon Jun 12 2017 13:15:31 GMT-0400 (EDT): GET /extra-one/593eb946c28503087f6a5382
Mon Jun 12 2017 13:15:31 GMT-0400 (EDT): GET /shopping-cart
Mon Jun 12 2017 13:15:31 GMT-0400 (EDT): GET /styles/styles.css
Mon Jun 12 2017 13:15:31 GMT-0400 (EDT): GET /js/breadout.js
Mon Jun 12 2017 13:15:35 GMT-0400 (EDT): GET /extra-one/593eb946c28503087f6a5382
Mon Jun 12 2017 13:15:35 GMT-0400 (EDT): GET /shopping-cart
Mon Jun 12 2017 13:15:35 GMT-0400 (EDT): GET /styles/styles.css
Mon Jun 12 2017 13:15:35 GMT-0400 (EDT): GET /js/breadout.js
Mon Jun 12 2017 13:15:41 GMT-0400 (EDT): GET /remove/
Mon Jun 12 2017 13:15:53 GMT-0400 (EDT): GET /
Mon Jun 12 2017 13:15:53 GMT-0400 (EDT): GET /styles/styles.css
Mon Jun 12 2017 13:15:55 GMT-0400 (EDT): GET /
Mon Jun 12 2017 13:15:55 GMT-0400 (EDT): GET /styles/styles.css
Mon Jun 12 2017 13:15:57 GMT-0400 (EDT): GET /add-to-cart/593eb946c28503087f6a5384
Mon Jun 12 2017 13:15:57 GMT-0400 (EDT): GET /
Mon Jun 12 2017 13:15:57 GMT-0400 (EDT): GET /styles/styles.css
Mon Jun 12 2017 13:15:58 GMT-0400 (EDT): GET /shopping-cart/
Mon Jun 12 2017 13:15:58 GMT-0400 (EDT): GET /styles/styles.css
Mon Jun 12 2017 13:15:58 GMT-0400 (EDT): GET /js/breadout.js
Mon Jun 12 2017 13:16:07 GMT-0400 (EDT): GET /reduce/593eb946c28503087f6a5383
Mon Jun 12 2017 13:16:07 GMT-0400 (EDT): GET /shopping-cart
Mon Jun 12 2017 13:16:07 GMT-0400 (EDT): GET /styles/styles.css
Mon Jun 12 2017 13:16:07 GMT-0400 (EDT): GET /js/breadout.js
Mon Jun 12 2017 13:16:10 GMT-0400 (EDT): GET /remove/593eb946c28503087f6a5384
Mon Jun 12 2017 13:16:10 GMT-0400 (EDT): GET /shopping-cart
Mon Jun 12 2017 13:16:10 GMT-0400 (EDT): GET /styles/styles.css
Mon Jun 12 2017 13:16:10 GMT-0400 (EDT): GET /js/breadout.js
Mon Jun 12 2017 13:16:13 GMT-0400 (EDT): GET /remove/
Mon Jun 12 2017 13:16:21 GMT-0400 (EDT): GET /
Mon Jun 12 2017 13:16:21 GMT-0400 (EDT): GET /styles/styles.css
Mon Jun 12 2017 13:16:49 GMT-0400 (EDT): GET /
Mon Jun 12 2017 13:16:49 GMT-0400 (EDT): GET /styles/styles.css
Mon Jun 12 2017 13:16:51 GMT-0400 (EDT): GET /add-to-cart/593ecc7e95fe4c09f4dd6e84
Mon Jun 12 2017 13:16:51 GMT-0400 (EDT): GET /
Mon Jun 12 2017 13:16:51 GMT-0400 (EDT): GET /styles/styles.css
Mon Jun 12 2017 13:16:53 GMT-0400 (EDT): GET /add-to-cart/593ecc7e95fe4c09f4dd6e85
Mon Jun 12 2017 13:16:53 GMT-0400 (EDT): GET /
Mon Jun 12 2017 13:16:53 GMT-0400 (EDT): GET /styles/styles.css
Mon Jun 12 2017 13:16:54 GMT-0400 (EDT): GET /add-to-cart/593ecc7e95fe4c09f4dd6e83
Mon Jun 12 2017 13:16:54 GMT-0400 (EDT): GET /
Mon Jun 12 2017 13:16:54 GMT-0400 (EDT): GET /styles/styles.css
Mon Jun 12 2017 13:16:56 GMT-0400 (EDT): GET /shopping-cart/
Mon Jun 12 2017 13:16:56 GMT-0400 (EDT): GET /styles/styles.css
Mon Jun 12 2017 13:16:56 GMT-0400 (EDT): GET /js/breadout.js
Mon Jun 12 2017 13:17:00 GMT-0400 (EDT): GET /extra-one/593ecc7e95fe4c09f4dd6e84
Mon Jun 12 2017 13:17:00 GMT-0400 (EDT): GET /shopping-cart
Mon Jun 12 2017 13:17:00 GMT-0400 (EDT): GET /styles/styles.css
Mon Jun 12 2017 13:17:00 GMT-0400 (EDT): GET /js/breadout.js
Mon Jun 12 2017 13:17:03 GMT-0400 (EDT): GET /reduce/593ecc7e95fe4c09f4dd6e85
Mon Jun 12 2017 13:17:03 GMT-0400 (EDT): GET /shopping-cart
Mon Jun 12 2017 13:17:03 GMT-0400 (EDT): GET /styles/styles.css
Mon Jun 12 2017 13:17:03 GMT-0400 (EDT): GET /js/breadout.js
Mon Jun 12 2017 13:17:08 GMT-0400 (EDT): GET /extra-one/593ecc7e95fe4c09f4dd6e83
Mon Jun 12 2017 13:17:08 GMT-0400 (EDT): GET /shopping-cart
Mon Jun 12 2017 13:17:08 GMT-0400 (EDT): GET /styles/styles.css
Mon Jun 12 2017 13:17:08 GMT-0400 (EDT): GET /js/breadout.js
Mon Jun 12 2017 13:17:12 GMT-0400 (EDT): GET /extra-one/593ecc7e95fe4c09f4dd6e83
Mon Jun 12 2017 13:17:12 GMT-0400 (EDT): GET /shopping-cart
Mon Jun 12 2017 13:17:12 GMT-0400 (EDT): GET /styles/styles.css
Mon Jun 12 2017 13:17:12 GMT-0400 (EDT): GET /js/breadout.js
Mon Jun 12 2017 13:17:14 GMT-0400 (EDT): GET /remove/593ecc7e95fe4c09f4dd6e83
Mon Jun 12 2017 13:17:14 GMT-0400 (EDT): GET /shopping-cart
Mon Jun 12 2017 13:17:14 GMT-0400 (EDT): GET /styles/styles.css
Mon Jun 12 2017 13:17:14 GMT-0400 (EDT): GET /js/breadout.js
Mon Jun 12 2017 13:17:37 GMT-0400 (EDT): GET /
Mon Jun 12 2017 13:17:37 GMT-0400 (EDT): GET /styles/styles.css
Mon Jun 12 2017 13:17:40 GMT-0400 (EDT): GET /shopping-cart/
Mon Jun 12 2017 13:17:40 GMT-0400 (EDT): GET /styles/styles.css
Mon Jun 12 2017 13:17:40 GMT-0400 (EDT): GET /js/breadout.js
Mon Jun 12 2017 13:30:18 GMT-0400 (EDT): GET /
Mon Jun 12 2017 13:30:18 GMT-0400 (EDT): GET /styles/styles.css
Mon Jun 12 2017 13:30:21 GMT-0400 (EDT): GET /add-to-cart/593ecc7e95fe4c09f4dd6e85
Mon Jun 12 2017 13:30:21 GMT-0400 (EDT): GET /
Mon Jun 12 2017 13:30:21 GMT-0400 (EDT): GET /styles/styles.css
Mon Jun 12 2017 13:30:22 GMT-0400 (EDT): GET /shopping-cart/
Mon Jun 12 2017 13:30:22 GMT-0400 (EDT): GET /styles/styles.css
Mon Jun 12 2017 13:30:22 GMT-0400 (EDT): GET /js/breadout.js
Mon Jun 12 2017 13:30:40 GMT-0400 (EDT): GET /remove/593ecc7e95fe4c09f4dd6e84
Mon Jun 12 2017 13:30:40 GMT-0400 (EDT): GET /shopping-cart
Mon Jun 12 2017 13:30:40 GMT-0400 (EDT): GET /styles/styles.css
Mon Jun 12 2017 13:30:40 GMT-0400 (EDT): GET /js/breadout.js
Mon Jun 12 2017 13:30:43 GMT-0400 (EDT): GET /remove/593ecc7e95fe4c09f4dd6e85
Mon Jun 12 2017 13:30:43 GMT-0400 (EDT): GET /shopping-cart
Mon Jun 12 2017 13:30:43 GMT-0400 (EDT): GET /styles/styles.css
Mon Jun 12 2017 13:30:45 GMT-0400 (EDT): GET /
Mon Jun 12 2017 13:30:45 GMT-0400 (EDT): GET /styles/styles.css
Mon Jun 12 2017 13:30:47 GMT-0400 (EDT): GET /add-to-cart/593ecc7e95fe4c09f4dd6e84
Mon Jun 12 2017 13:30:47 GMT-0400 (EDT): GET /
Mon Jun 12 2017 13:30:47 GMT-0400 (EDT): GET /styles/styles.css
Mon Jun 12 2017 13:30:49 GMT-0400 (EDT): GET /shopping-cart/
Mon Jun 12 2017 13:30:49 GMT-0400 (EDT): GET /styles/styles.css
Mon Jun 12 2017 13:30:49 GMT-0400 (EDT): GET /js/breadout.js
Mon Jun 12 2017 13:31:53 GMT-0400 (EDT): GET /
Mon Jun 12 2017 13:31:53 GMT-0400 (EDT): GET /styles/styles.css
Mon Jun 12 2017 13:31:55 GMT-0400 (EDT): GET /add-to-cart/593ecc7e95fe4c09f4dd6e84
Mon Jun 12 2017 13:31:55 GMT-0400 (EDT): GET /
Mon Jun 12 2017 13:31:55 GMT-0400 (EDT): GET /styles/styles.css
Mon Jun 12 2017 13:31:56 GMT-0400 (EDT): GET /shopping-cart/
Mon Jun 12 2017 13:31:56 GMT-0400 (EDT): GET /styles/styles.css
Mon Jun 12 2017 13:31:56 GMT-0400 (EDT): GET /js/breadout.js
Mon Jun 12 2017 13:33:38 GMT-0400 (EDT): GET /shopping-cart/
Mon Jun 12 2017 13:33:38 GMT-0400 (EDT): GET /styles/styles.css
Mon Jun 12 2017 13:33:38 GMT-0400 (EDT): GET /js/breadout.js
Mon Jun 12 2017 13:33:42 GMT-0400 (EDT): GET /styles/styles.css
Mon Jun 12 2017 13:36:24 GMT-0400 (EDT): GET /
Mon Jun 12 2017 13:36:25 GMT-0400 (EDT): GET /styles/styles.css
Mon Jun 12 2017 13:36:30 GMT-0400 (EDT): GET /shopping-cart/
Mon Jun 12 2017 13:36:30 GMT-0400 (EDT): GET /styles/styles.css
Mon Jun 12 2017 13:36:30 GMT-0400 (EDT): GET /js/breadout.js
Mon Jun 12 2017 13:36:35 GMT-0400 (EDT): GET /
Mon Jun 12 2017 13:36:35 GMT-0400 (EDT): GET /styles/styles.css
Mon Jun 12 2017 13:36:37 GMT-0400 (EDT): GET /add-to-cart/593ecc7e95fe4c09f4dd6e83
Mon Jun 12 2017 13:36:37 GMT-0400 (EDT): GET /
Mon Jun 12 2017 13:36:37 GMT-0400 (EDT): GET /styles/styles.css
Mon Jun 12 2017 13:36:39 GMT-0400 (EDT): GET /shopping-cart/
Mon Jun 12 2017 13:36:39 GMT-0400 (EDT): GET /styles/styles.css
Mon Jun 12 2017 13:36:39 GMT-0400 (EDT): GET /js/breadout.js
Mon Jun 12 2017 13:36:43 GMT-0400 (EDT): GET /extra-one/593ecc7e95fe4c09f4dd6e83
Mon Jun 12 2017 13:36:43 GMT-0400 (EDT): GET /shopping-cart
Mon Jun 12 2017 13:36:43 GMT-0400 (EDT): GET /styles/styles.css
Mon Jun 12 2017 13:36:43 GMT-0400 (EDT): GET /js/breadout.js
Mon Jun 12 2017 13:36:47 GMT-0400 (EDT): GET /extra-one/593ecc7e95fe4c09f4dd6e83
Mon Jun 12 2017 13:36:47 GMT-0400 (EDT): GET /shopping-cart
Mon Jun 12 2017 13:36:47 GMT-0400 (EDT): GET /styles/styles.css
Mon Jun 12 2017 13:36:47 GMT-0400 (EDT): GET /js/breadout.js
Mon Jun 12 2017 13:36:52 GMT-0400 (EDT): GET /remove/593ecc7e95fe4c09f4dd6e84
Mon Jun 12 2017 13:36:52 GMT-0400 (EDT): GET /shopping-cart
Mon Jun 12 2017 13:36:52 GMT-0400 (EDT): GET /styles/styles.css
Mon Jun 12 2017 13:36:52 GMT-0400 (EDT): GET /js/breadout.js
Mon Jun 12 2017 13:36:56 GMT-0400 (EDT): GET /reduce/593ecc7e95fe4c09f4dd6e83
Mon Jun 12 2017 13:36:56 GMT-0400 (EDT): GET /shopping-cart
Mon Jun 12 2017 13:36:56 GMT-0400 (EDT): GET /styles/styles.css
Mon Jun 12 2017 13:36:56 GMT-0400 (EDT): GET /js/breadout.js
Mon Jun 12 2017 13:37:29 GMT-0400 (EDT): POST /shopping-cart/checkout
Mon Jun 12 2017 14:00:17 GMT-0400 (EDT): GET /remove/593ecc7e95fe4c09f4dd6e83
Mon Jun 12 2017 14:00:17 GMT-0400 (EDT): GET /shopping-cart
Mon Jun 12 2017 14:00:17 GMT-0400 (EDT): GET /styles/styles.css
Mon Jun 12 2017 14:00:20 GMT-0400 (EDT): GET /account/signin
Mon Jun 12 2017 14:00:20 GMT-0400 (EDT): GET /styles/styles.css
Mon Jun 12 2017 14:00:23 GMT-0400 (EDT): GET /account/signup
Mon Jun 12 2017 14:00:23 GMT-0400 (EDT): GET /styles/styles.css
Mon Jun 12 2017 14:00:27 GMT-0400 (EDT): GET /
Mon Jun 12 2017 14:00:27 GMT-0400 (EDT): GET /styles/styles.css
Mon Jun 12 2017 14:00:29 GMT-0400 (EDT): GET /add-to-cart/593ecc7e95fe4c09f4dd6e83
Mon Jun 12 2017 14:00:29 GMT-0400 (EDT): GET /
Mon Jun 12 2017 14:00:29 GMT-0400 (EDT): GET /styles/styles.css
Mon Jun 12 2017 14:00:30 GMT-0400 (EDT): GET /shopping-cart/
Mon Jun 12 2017 14:00:30 GMT-0400 (EDT): GET /styles/styles.css
Mon Jun 12 2017 14:00:30 GMT-0400 (EDT): GET /js/breadout.js
Mon Jun 12 2017 14:00:35 GMT-0400 (EDT): GET /extra-one/593ecc7e95fe4c09f4dd6e83
Mon Jun 12 2017 14:00:35 GMT-0400 (EDT): GET /shopping-cart
Mon Jun 12 2017 14:00:35 GMT-0400 (EDT): GET /styles/styles.css
Mon Jun 12 2017 14:00:35 GMT-0400 (EDT): GET /js/breadout.js
Mon Jun 12 2017 14:00:37 GMT-0400 (EDT): GET /remove/593ecc7e95fe4c09f4dd6e83
Mon Jun 12 2017 14:00:37 GMT-0400 (EDT): GET /shopping-cart
Mon Jun 12 2017 14:00:37 GMT-0400 (EDT): GET /styles/styles.css
Mon Jun 12 2017 14:00:40 GMT-0400 (EDT): GET /account/signin
Mon Jun 12 2017 14:00:40 GMT-0400 (EDT): GET /styles/styles.css
Mon Jun 12 2017 14:17:14 GMT-0400 (EDT): GET /
Mon Jun 12 2017 14:17:14 GMT-0400 (EDT): GET /styles/styles.css
Mon Jun 12 2017 14:17:17 GMT-0400 (EDT): GET /add-to-cart/593ecc7e95fe4c09f4dd6e83
Mon Jun 12 2017 14:17:17 GMT-0400 (EDT): GET /
Mon Jun 12 2017 14:17:17 GMT-0400 (EDT): GET /styles/styles.css
Mon Jun 12 2017 14:17:18 GMT-0400 (EDT): GET /shopping-cart/
Mon Jun 12 2017 14:17:18 GMT-0400 (EDT): GET /js/passToBread.js
Mon Jun 12 2017 14:17:18 GMT-0400 (EDT): GET /styles/styles.css
Mon Jun 12 2017 14:17:30 GMT-0400 (EDT): GET /styles/styles.css
Mon Jun 12 2017 14:18:49 GMT-0400 (EDT): GET /
Mon Jun 12 2017 14:18:49 GMT-0400 (EDT): GET /styles/styles.css
Mon Jun 12 2017 14:18:52 GMT-0400 (EDT): GET /add-to-cart/593ecc7e95fe4c09f4dd6e84
Mon Jun 12 2017 14:18:52 GMT-0400 (EDT): GET /
Mon Jun 12 2017 14:18:53 GMT-0400 (EDT): GET /styles/styles.css
Mon Jun 12 2017 14:18:54 GMT-0400 (EDT): GET /shopping-cart/
Mon Jun 12 2017 14:18:54 GMT-0400 (EDT): GET /styles/styles.css
Mon Jun 12 2017 14:18:54 GMT-0400 (EDT): GET /js/passToBread.js
Mon Jun 12 2017 14:19:29 GMT-0400 (EDT): POST /shopping-cart/checkout
Mon Jun 12 2017 14:19:40 GMT-0400 (EDT): GET /styles/styles.css
Mon Jun 12 2017 14:19:46 GMT-0400 (EDT): GET /shopping-cart/checkout
Mon Jun 12 2017 14:20:47 GMT-0400 (EDT): GET /
Mon Jun 12 2017 14:20:47 GMT-0400 (EDT): GET /styles/styles.css
Mon Jun 12 2017 14:20:51 GMT-0400 (EDT): GET /shopping-cart/
Mon Jun 12 2017 14:20:51 GMT-0400 (EDT): GET /styles/styles.css
Mon Jun 12 2017 14:20:51 GMT-0400 (EDT): GET /js/passToBread.js
Mon Jun 12 2017 14:21:14 GMT-0400 (EDT): POST /shopping-cart/checkout
Mon Jun 12 2017 14:21:17 GMT-0400 (EDT): GET /styles/styles.css
Mon Jun 12 2017 14:21:23 GMT-0400 (EDT): GET /shopping-cart/checkout
Mon Jun 12 2017 14:25:16 GMT-0400 (EDT): GET /
Mon Jun 12 2017 14:25:16 GMT-0400 (EDT): GET /styles/styles.css
Mon Jun 12 2017 14:25:20 GMT-0400 (EDT): GET /shopping-cart/
Mon Jun 12 2017 14:25:20 GMT-0400 (EDT): GET /styles/styles.css
Mon Jun 12 2017 14:25:20 GMT-0400 (EDT): GET /js/passToBread.js
Mon Jun 12 2017 14:25:42 GMT-0400 (EDT): POST /shopping-cart/checkout
Mon Jun 12 2017 14:27:42 GMT-0400 (EDT): GET /
Mon Jun 12 2017 14:27:42 GMT-0400 (EDT): GET /styles/styles.css
Mon Jun 12 2017 14:27:45 GMT-0400 (EDT): GET /shopping-cart/
Mon Jun 12 2017 14:27:45 GMT-0400 (EDT): GET /styles/styles.css
Mon Jun 12 2017 14:27:45 GMT-0400 (EDT): GET /js/passToBread.js
Mon Jun 12 2017 14:28:04 GMT-0400 (EDT): POST /shopping-cart/checkout
Mon Jun 12 2017 14:28:09 GMT-0400 (EDT): GET /styles/styles.css
Mon Jun 12 2017 14:31:09 GMT-0400 (EDT): GET /remove/593ecc7e95fe4c09f4dd6e84
Mon Jun 12 2017 14:31:09 GMT-0400 (EDT): GET /shopping-cart
Mon Jun 12 2017 14:31:09 GMT-0400 (EDT): GET /styles/styles.css
Mon Jun 12 2017 14:31:09 GMT-0400 (EDT): GET /js/passToBread.js
Mon Jun 12 2017 14:31:12 GMT-0400 (EDT): GET /remove/593ecc7e95fe4c09f4dd6e83
Mon Jun 12 2017 14:31:12 GMT-0400 (EDT): GET /shopping-cart
Mon Jun 12 2017 14:31:12 GMT-0400 (EDT): GET /styles/styles.css
Mon Jun 12 2017 14:31:26 GMT-0400 (EDT): GET /
Mon Jun 12 2017 14:31:26 GMT-0400 (EDT): GET /styles/styles.css
Mon Jun 12 2017 14:31:28 GMT-0400 (EDT): GET /add-to-cart/593ecc7e95fe4c09f4dd6e83
Mon Jun 12 2017 14:31:28 GMT-0400 (EDT): GET /
Mon Jun 12 2017 14:31:28 GMT-0400 (EDT): GET /styles/styles.css
Mon Jun 12 2017 14:31:30 GMT-0400 (EDT): GET /shopping-cart/
Mon Jun 12 2017 14:31:30 GMT-0400 (EDT): GET /styles/styles.css
Mon Jun 12 2017 14:31:30 GMT-0400 (EDT): GET /js/passToBread.js
Mon Jun 12 2017 14:31:49 GMT-0400 (EDT): POST /shopping-cart/checkout
Mon Jun 12 2017 14:36:03 GMT-0400 (EDT): GET /
Mon Jun 12 2017 14:36:03 GMT-0400 (EDT): GET /styles/styles.css
Mon Jun 12 2017 14:36:05 GMT-0400 (EDT): GET /add-to-cart/593ecc7e95fe4c09f4dd6e83
Mon Jun 12 2017 14:36:05 GMT-0400 (EDT): GET /
Mon Jun 12 2017 14:36:05 GMT-0400 (EDT): GET /styles/styles.css
Mon Jun 12 2017 14:36:07 GMT-0400 (EDT): GET /shopping-cart/
Mon Jun 12 2017 14:36:07 GMT-0400 (EDT): GET /styles/styles.css
Mon Jun 12 2017 14:36:07 GMT-0400 (EDT): GET /js/passToBread.js
Mon Jun 12 2017 14:36:28 GMT-0400 (EDT): POST /shopping-cart/checkout
Mon Jun 12 2017 14:36:36 GMT-0400 (EDT): GET /styles/styles.css
Mon Jun 12 2017 14:38:01 GMT-0400 (EDT): GET /
Mon Jun 12 2017 14:38:01 GMT-0400 (EDT): GET /styles/styles.css
Mon Jun 12 2017 14:38:03 GMT-0400 (EDT): GET /shopping-cart/
Mon Jun 12 2017 14:38:03 GMT-0400 (EDT): GET /styles/styles.css
Mon Jun 12 2017 14:38:03 GMT-0400 (EDT): GET /js/passToBread.js
Mon Jun 12 2017 14:38:25 GMT-0400 (EDT): POST /shopping-cart/checkout
Mon Jun 12 2017 14:40:19 GMT-0400 (EDT): GET /
Mon Jun 12 2017 14:40:19 GMT-0400 (EDT): GET /styles/styles.css
Mon Jun 12 2017 14:40:22 GMT-0400 (EDT): GET /shopping-cart/
Mon Jun 12 2017 14:40:22 GMT-0400 (EDT): GET /styles/styles.css
Mon Jun 12 2017 14:40:22 GMT-0400 (EDT): GET /js/passToBread.js
Mon Jun 12 2017 14:40:46 GMT-0400 (EDT): POST /shopping-cart/checkout
Mon Jun 12 2017 14:41:02 GMT-0400 (EDT): GET /styles/styles.css
Mon Jun 12 2017 14:44:24 GMT-0400 (EDT): GET /remove/593ecc7e95fe4c09f4dd6e83
Mon Jun 12 2017 14:44:24 GMT-0400 (EDT): GET /shopping-cart
Mon Jun 12 2017 14:44:24 GMT-0400 (EDT): GET /styles/styles.css
Mon Jun 12 2017 14:44:28 GMT-0400 (EDT): GET /
Mon Jun 12 2017 14:44:28 GMT-0400 (EDT): GET /styles/styles.css
Mon Jun 12 2017 14:44:30 GMT-0400 (EDT): GET /add-to-cart/593ecc7e95fe4c09f4dd6e84
Mon Jun 12 2017 14:44:30 GMT-0400 (EDT): GET /
Mon Jun 12 2017 14:44:31 GMT-0400 (EDT): GET /styles/styles.css
Mon Jun 12 2017 14:44:32 GMT-0400 (EDT): GET /shopping-cart/
Mon Jun 12 2017 14:44:32 GMT-0400 (EDT): GET /styles/styles.css
Mon Jun 12 2017 14:44:32 GMT-0400 (EDT): GET /js/passToBread.js
Mon Jun 12 2017 14:44:55 GMT-0400 (EDT): POST /shopping-cart/checkout
Mon Jun 12 2017 14:44:55 GMT-0400 (EDT): GET /
Mon Jun 12 2017 14:45:02 GMT-0400 (EDT): GET /styles/styles.css
Mon Jun 12 2017 14:48:17 GMT-0400 (EDT): GET /
Mon Jun 12 2017 14:48:17 GMT-0400 (EDT): GET /styles/styles.css
Mon Jun 12 2017 14:48:20 GMT-0400 (EDT): GET /shopping-cart/
Mon Jun 12 2017 14:48:20 GMT-0400 (EDT): GET /styles/styles.css
Mon Jun 12 2017 14:48:20 GMT-0400 (EDT): GET /js/passToBread.js
Mon Jun 12 2017 14:48:38 GMT-0400 (EDT): POST /shopping-cart/checkout
Mon Jun 12 2017 14:48:44 GMT-0400 (EDT): GET /styles/styles.css
Mon Jun 12 2017 14:49:40 GMT-0400 (EDT): GET /shopping-cart/checkout
Mon Jun 12 2017 14:49:40 GMT-0400 (EDT): GET /styles/styles.css
Mon Jun 12 2017 14:49:40 GMT-0400 (EDT): GET /public/images/plus.png
Mon Jun 12 2017 14:53:42 GMT-0400 (EDT): GET /
Mon Jun 12 2017 14:53:42 GMT-0400 (EDT): GET /styles/styles.css
Mon Jun 12 2017 14:53:45 GMT-0400 (EDT): GET /shopping-cart/
Mon Jun 12 2017 14:53:45 GMT-0400 (EDT): GET /styles/styles.css
Mon Jun 12 2017 14:53:45 GMT-0400 (EDT): GET /js/passToBread.js
Mon Jun 12 2017 14:54:19 GMT-0400 (EDT): POST /shopping-cart/checkout
Mon Jun 12 2017 14:54:22 GMT-0400 (EDT): GET /styles/styles.css
Mon Jun 12 2017 14:54:26 GMT-0400 (EDT): GET /shopping-cart/checkout
Mon Jun 12 2017 14:56:25 GMT-0400 (EDT): GET /
Mon Jun 12 2017 14:56:25 GMT-0400 (EDT): GET /styles/styles.css
Mon Jun 12 2017 14:56:28 GMT-0400 (EDT): GET /add-to-cart/593ecc7e95fe4c09f4dd6e84
Mon Jun 12 2017 14:56:28 GMT-0400 (EDT): GET /
Mon Jun 12 2017 14:56:28 GMT-0400 (EDT): GET /styles/styles.css
Mon Jun 12 2017 14:56:29 GMT-0400 (EDT): GET /shopping-cart/
Mon Jun 12 2017 14:56:29 GMT-0400 (EDT): GET /styles/styles.css
Mon Jun 12 2017 14:56:29 GMT-0400 (EDT): GET /js/passToBread.js
Mon Jun 12 2017 14:56:50 GMT-0400 (EDT): POST /shopping-cart/checkout
Mon Jun 12 2017 14:57:04 GMT-0400 (EDT): GET /styles/styles.css
Mon Jun 12 2017 14:57:07 GMT-0400 (EDT): GET /shopping-cart/checkout
Mon Jun 12 2017 14:57:07 GMT-0400 (EDT): GET /styles/styles.css
Mon Jun 12 2017 14:57:07 GMT-0400 (EDT): GET /images/plus.png
Mon Jun 12 2017 14:58:22 GMT-0400 (EDT): GET /
Mon Jun 12 2017 14:58:22 GMT-0400 (EDT): GET /styles/styles.css
Mon Jun 12 2017 14:58:26 GMT-0400 (EDT): GET /shopping-cart/
Mon Jun 12 2017 14:58:26 GMT-0400 (EDT): GET /styles/styles.css
Mon Jun 12 2017 14:58:26 GMT-0400 (EDT): GET /js/passToBread.js
Mon Jun 12 2017 14:58:37 GMT-0400 (EDT): GET /account/signup
Mon Jun 12 2017 14:58:37 GMT-0400 (EDT): GET /styles/styles.css
Mon Jun 12 2017 14:58:40 GMT-0400 (EDT): GET /account/signin
Mon Jun 12 2017 14:58:40 GMT-0400 (EDT): GET /styles/styles.css
Mon Jun 12 2017 14:58:42 GMT-0400 (EDT): GET /
Mon Jun 12 2017 14:58:42 GMT-0400 (EDT): GET /styles/styles.css
Mon Jun 12 2017 14:58:44 GMT-0400 (EDT): GET /add-to-cart/593ecc7e95fe4c09f4dd6e83
Mon Jun 12 2017 14:58:44 GMT-0400 (EDT): GET /
Mon Jun 12 2017 14:58:44 GMT-0400 (EDT): GET /styles/styles.css
Mon Jun 12 2017 14:58:47 GMT-0400 (EDT): GET /add-to-cart/593ecc7e95fe4c09f4dd6e83
Mon Jun 12 2017 14:58:47 GMT-0400 (EDT): GET /
Mon Jun 12 2017 14:58:47 GMT-0400 (EDT): GET /styles/styles.css
Mon Jun 12 2017 14:58:47 GMT-0400 (EDT): GET /add-to-cart/593ecc7e95fe4c09f4dd6e83
Mon Jun 12 2017 14:58:47 GMT-0400 (EDT): GET /
Mon Jun 12 2017 14:58:47 GMT-0400 (EDT): GET /styles/styles.css
Mon Jun 12 2017 14:58:47 GMT-0400 (EDT): GET /add-to-cart/593ecc7e95fe4c09f4dd6e83
Mon Jun 12 2017 14:58:47 GMT-0400 (EDT): GET /
Mon Jun 12 2017 14:58:47 GMT-0400 (EDT): GET /styles/styles.css
Mon Jun 12 2017 14:58:48 GMT-0400 (EDT): GET /add-to-cart/593ecc7e95fe4c09f4dd6e83
Mon Jun 12 2017 14:58:48 GMT-0400 (EDT): GET /
Mon Jun 12 2017 14:58:48 GMT-0400 (EDT): GET /styles/styles.css
Mon Jun 12 2017 14:58:49 GMT-0400 (EDT): GET /shopping-cart/
Mon Jun 12 2017 14:58:49 GMT-0400 (EDT): GET /styles/styles.css
Mon Jun 12 2017 14:58:49 GMT-0400 (EDT): GET /js/passToBread.js
Mon Jun 12 2017 15:02:04 GMT-0400 (EDT): GET /
Mon Jun 12 2017 15:02:04 GMT-0400 (EDT): GET /styles/styles.css
Mon Jun 12 2017 15:02:11 GMT-0400 (EDT): GET /shopping-cart/
Mon Jun 12 2017 15:02:11 GMT-0400 (EDT): GET /styles/styles.css
Mon Jun 12 2017 15:02:11 GMT-0400 (EDT): GET /js/passToBread.js
Mon Jun 12 2017 15:02:41 GMT-0400 (EDT): POST /shopping-cart/checkout
Mon Jun 12 2017 15:02:46 GMT-0400 (EDT): GET /styles/styles.css
Mon Jun 12 2017 15:03:06 GMT-0400 (EDT): GET /shopping-cart/checkout
Mon Jun 12 2017 15:03:06 GMT-0400 (EDT): GET /styles/styles.css
Mon Jun 12 2017 15:03:06 GMT-0400 (EDT): GET /images/plus.png
Mon Jun 12 2017 15:03:40 GMT-0400 (EDT): GET /shopping-cart/checkout
Mon Jun 12 2017 15:03:40 GMT-0400 (EDT): GET /styles/styles.css
Mon Jun 12 2017 15:03:40 GMT-0400 (EDT): GET /images/plus.png
